{
  "RSpec": {
    "coverage": {
      "/home/dauntless-torrent-8488/tic-tac-toe-rb-ruby-apply-000/lib/tic_tac_toe.rb": [
        1,
        null,
        1,
        5,
        5,
        5,
        5,
        5,
        null,
        null,
        1,
        15,
        12,
        null,
        3,
        null,
        null,
        null,
        1,
        13,
        10,
        null,
        3,
        null,
        null,
        null,
        1,
        13,
        null,
        null,
        1,
        3,
        null,
        null,
        1,
        12,
        12,
        12,
        0,
        null,
        null,
        null,
        1,
        13,
        13,
        10,
        10,
        9,
        0,
        null,
        1,
        null,
        null,
        null,
        1,
        2,
        2,
        18,
        5,
        null,
        null,
        2,
        null,
        null,
        1,
        1,
        null,
        null,
        null,
        null,
        1,
        null,
        null,
        null,
        null,
        null,
        null,
        null,
        null,
        null,
        1,
        18,
        127,
        127,
        127,
        null,
        127,
        127,
        127,
        null,
        127,
        7,
        120,
        2,
        null,
        null,
        null,
        9,
        null,
        null,
        1,
        11,
        64,
        null,
        null,
        null,
        1,
        7,
        3,
        4,
        1,
        null,
        3,
        null,
        null,
        null,
        1,
        3,
        2,
        null,
        null,
        null,
        1,
        3,
        3,
        2,
        null,
        null
      ]
    },
    "timestamp": 1598486845
  }
}
